
ROM used:   159/8192 (2%)
            159/8192 (2%) including unused fragments

            0.2 Average locations per line
            5.5 Average locations per statement

RAM used:   7/368 (2%) at main() level
            8/368 (2%) worst case

Stack used: 0 worst case (0 in main + 0 for interrupts)
Stack size: 8

Lines Stmts  %   Files
----- ----- ---  -----
   49    29 100  ledler.c
  629     0   0  ..\..\..\..\..\..\Program Files (x86)\PICC\Devices\16F877.h
----- -----
  678    29 Total

Page ROM  %  RAM   Vol Diff  Functions:
---- --- --- ---   --- ----  ----------
0     21  13    1             @delay_ms1
0    134  84    1   719  2.9  main
 Inline         0             @cinit1

Program metrics:
    Functions               1
    Statements              29
    Comments                130
    Volume (V)              724
    Difficulty (D)          2.8
    Effort to implement (E) 2033
    Time to implement (T)   2 minutes
    Est Delivered Bugs (B)  0
    Cyclomatic Complexity   1
    Maintainability (MI)    36

 Segment     Used  Free
-----------  ----  ----
00000-00003     4  0  
00004-007FF   155  1889  
00800-00FFF     0  2048  
01000-017FF     0  2048  
01800-01FFF     0  2048  



