
ROM used:   138/8192 (2%)
            138/8192 (2%) including unused fragments

            0.2 Average locations per line
            6.9 Average locations per statement

RAM used:   7/368 (2%) at main() level
            14/368 (4%) worst case

Stack used: 0 worst case (0 in main + 0 for interrupts)
Stack size: 8

Lines Stmts  %   Files
----- ----- ---  -----
   50    20 100  sevenSegment2.c
  758     0   0  ..\..\..\..\..\Program Files (x86)\PICC\Devices\16F887.h
----- -----
  808    20 Total

Page ROM  %  RAM   Vol Diff  Functions:
---- --- --- ---   --- ----  ----------
0     21  15    1             @delay_ms1
0     14  10    0   127  1.7  @const618
0     78  57    2   599  7.0  main
0     21  15    3             @DIV88
 Inline         0             @cinit1

Program metrics:
    Functions               2
    Statements              20
    Comments                128
    Volume (V)              835
    Difficulty (D)          8.3
    Effort to implement (E) 6938
    Time to implement (T)   6 minutes
    Est Delivered Bugs (B)  0
    Cyclomatic Complexity   1
    Maintainability (MI)    94

 Segment     Used  Free
-----------  ----  ----
00000-00003     4  0  
00004-007FF   134  1910  
00800-00FFF     0  2048  
01000-017FF     0  2048  
01800-01FFF     0  2048  



