
ROM used:   117/8192 (1%)
            117/8192 (1%) including unused fragments

            0.1 Average locations per line
            11.7 Average locations per statement

RAM used:   7/368 (2%) at main() level
            11/368 (3%) worst case

Stack used: 0 worst case (0 in main + 0 for interrupts)
Stack size: 8

Lines Stmts  %   Files
----- ----- ---  -----
   51    10 100  sevenSegment.c
  758     0   0  ..\..\..\..\..\Program Files (x86)\PICC\Devices\16F887.h
----- -----
  809    10 Total

Page ROM  %  RAM   Vol Diff  Functions:
---- --- --- ---   --- ----  ----------
0     23  20    1             @delay_ms1
0     14  12    0             @const618
0     53  45    2   228  3.7  main
0     23  20    3             @DIV88
 Inline         0             @cinit1

Program metrics:
    Functions               1
    Statements              10
    Comments                159
    Volume (V)              236
    Difficulty (D)          3.1
    Effort to implement (E) 734
    Time to implement (T)   1 minutes
    Est Delivered Bugs (B)  0
    Cyclomatic Complexity   1
    Maintainability (MI)    137

 Segment     Used  Free
-----------  ----  ----
00000-00003     4  0  
00004-007FF   113  1931  
00800-00FFF     0  2048  
01000-017FF     0  2048  
01800-01FFF     0  2048  



